------------------------------------------------------------
Client connecting to 192.168.65.2, UDP port 5001 with pid 80750
Sending 1470 byte datagrams, IPG target: 5880.00 us (kalman adjust)
UDP buffer size: 0.20 MByte (default)
------------------------------------------------------------
[  3] local 192.168.65.1 port 40625 connected with 192.168.65.2 port 5001
[  8] local 192.168.65.1 port 49891 connected with 192.168.65.2 port 5001
[  4] local 192.168.65.1 port 52578 connected with 192.168.65.2 port 5001
[  5] local 192.168.65.1 port 50997 connected with 192.168.65.2 port 5001
[  6] local 192.168.65.1 port 39649 connected with 192.168.65.2 port 5001
[  9] local 192.168.65.1 port 39052 connected with 192.168.65.2 port 5001
[  7] local 192.168.65.1 port 43320 connected with 192.168.65.2 port 5001
[ ID] Interval            Transfer     Bandwidth      Write/Err  PPS
[  3] 0.0000-1.0000 sec  0.24 MBytes  2.02 Mbits/sec  172/0      171 pps
[  8] 0.0000-1.0000 sec  0.24 MBytes  2.02 Mbits/sec  172/0      171 pps
[  4] 0.0000-1.0000 sec  0.24 MBytes  2.02 Mbits/sec  172/0      171 pps
[  5] 0.0000-1.0000 sec  0.24 MBytes  2.02 Mbits/sec  172/0      171 pps
[  6] 0.0000-1.0000 sec  0.24 MBytes  2.02 Mbits/sec  172/0      171 pps
[  9] 0.0000-1.0000 sec  0.24 MBytes  2.02 Mbits/sec  172/0      171 pps
[  7] 0.0000-1.0000 sec  0.24 MBytes  2.02 Mbits/sec  172/0      171 pps
[SUM] 0.0000-1.0000 sec  1.69 MBytes  14.2 Mbits/sec  1204/0     1196 pps
[  3] 1.0000-2.0000 sec  0.24 MBytes  2.00 Mbits/sec  170/0      170 pps
[  8] 1.0000-2.0000 sec  0.24 MBytes  2.00 Mbits/sec  170/0      170 pps
[  4] 1.0000-2.0000 sec  0.24 MBytes  2.00 Mbits/sec  170/0      170 pps
[  5] 1.0000-2.0000 sec  0.24 MBytes  2.00 Mbits/sec  170/0      170 pps
[  6] 1.0000-2.0000 sec  0.24 MBytes  2.00 Mbits/sec  170/0      170 pps
[  9] 1.0000-2.0000 sec  0.24 MBytes  2.00 Mbits/sec  170/0      170 pps
[  7] 1.0000-2.0000 sec  0.24 MBytes  2.00 Mbits/sec  170/0      170 pps
[SUM] 1.0000-2.0000 sec  1.67 MBytes  14.0 Mbits/sec  1190/0     1190 pps
[  3] 2.0000-3.0000 sec  0.24 MBytes  2.00 Mbits/sec  170/0      170 pps
[  8] 2.0000-3.0000 sec  0.24 MBytes  2.00 Mbits/sec  170/0      170 pps
[  4] 2.0000-3.0000 sec  0.24 MBytes  2.00 Mbits/sec  170/0      170 pps
[  5] 2.0000-3.0000 sec  0.24 MBytes  2.00 Mbits/sec  170/0      170 pps
[  6] 2.0000-3.0000 sec  0.24 MBytes  2.00 Mbits/sec  170/0      170 pps
[  9] 2.0000-3.0000 sec  0.24 MBytes  2.00 Mbits/sec  170/0      170 pps
[  7] 2.0000-3.0000 sec  0.24 MBytes  2.00 Mbits/sec  170/0      170 pps
[SUM] 2.0000-3.0000 sec  1.67 MBytes  14.0 Mbits/sec  1190/0     1190 pps
[  3] 3.0000-4.0000 sec  0.24 MBytes  2.00 Mbits/sec  170/0      170 pps
[  8] 3.0000-4.0000 sec  0.24 MBytes  2.00 Mbits/sec  170/0      170 pps
[  4] 3.0000-4.0000 sec  0.24 MBytes  2.00 Mbits/sec  170/0      170 pps
[  5] 3.0000-4.0000 sec  0.24 MBytes  2.00 Mbits/sec  170/0      170 pps
[  6] 3.0000-4.0000 sec  0.24 MBytes  2.00 Mbits/sec  170/0      170 pps
[  9] 3.0000-4.0000 sec  0.24 MBytes  2.00 Mbits/sec  170/0      170 pps
[  7] 3.0000-4.0000 sec  0.24 MBytes  2.00 Mbits/sec  170/0      170 pps
[SUM] 3.0000-4.0000 sec  1.67 MBytes  14.0 Mbits/sec  1190/0     1190 pps
[  3] 4.0000-5.0000 sec  0.24 MBytes  2.00 Mbits/sec  170/0      170 pps
[  8] 4.0000-5.0000 sec  0.24 MBytes  2.00 Mbits/sec  170/0      170 pps
[  4] 4.0000-5.0000 sec  0.24 MBytes  2.00 Mbits/sec  170/0      170 pps
[  5] 4.0000-5.0000 sec  0.24 MBytes  2.00 Mbits/sec  170/0      170 pps
[  6] 4.0000-5.0000 sec  0.24 MBytes  2.00 Mbits/sec  170/0      170 pps
[  9] 4.0000-5.0000 sec  0.24 MBytes  2.00 Mbits/sec  170/0      170 pps
[  7] 4.0000-5.0000 sec  0.24 MBytes  2.00 Mbits/sec  170/0      170 pps
[SUM] 4.0000-5.0000 sec  1.67 MBytes  14.0 Mbits/sec  1190/0     1191 pps
[  3] 5.0000-6.0000 sec  0.24 MBytes  2.00 Mbits/sec  170/0      170 pps
[  8] 5.0000-6.0000 sec  0.24 MBytes  2.00 Mbits/sec  170/0      170 pps
[  4] 5.0000-6.0000 sec  0.24 MBytes  2.00 Mbits/sec  170/0      170 pps
[  5] 5.0000-6.0000 sec  0.24 MBytes  2.00 Mbits/sec  170/0      170 pps
[  6] 5.0000-6.0000 sec  0.24 MBytes  2.00 Mbits/sec  170/0      170 pps
[  9] 5.0000-6.0000 sec  0.24 MBytes  2.00 Mbits/sec  170/0      170 pps
[  7] 5.0000-6.0000 sec  0.24 MBytes  2.00 Mbits/sec  170/0      170 pps
[SUM] 5.0000-6.0000 sec  1.67 MBytes  14.0 Mbits/sec  1190/0     1190 pps
[  3] 6.0000-7.0000 sec  0.24 MBytes  2.00 Mbits/sec  170/0      170 pps
[  8] 6.0000-7.0000 sec  0.24 MBytes  2.00 Mbits/sec  170/0      170 pps
[  4] 6.0000-7.0000 sec  0.24 MBytes  2.00 Mbits/sec  170/0      170 pps
[  5] 6.0000-7.0000 sec  0.24 MBytes  2.00 Mbits/sec  170/0      170 pps
[  6] 6.0000-7.0000 sec  0.24 MBytes  2.00 Mbits/sec  170/0      170 pps
[  9] 6.0000-7.0000 sec  0.24 MBytes  2.00 Mbits/sec  170/0      170 pps
[  7] 6.0000-7.0000 sec  0.24 MBytes  2.00 Mbits/sec  170/0      170 pps
[SUM] 6.0000-7.0000 sec  1.67 MBytes  14.0 Mbits/sec  1190/0     1190 pps
[  3] 7.0000-8.0000 sec  0.24 MBytes  2.00 Mbits/sec  170/0      170 pps
[  8] 7.0000-8.0000 sec  0.24 MBytes  2.00 Mbits/sec  170/0      170 pps
[  4] 7.0000-8.0000 sec  0.24 MBytes  2.00 Mbits/sec  170/0      170 pps
[  5] 7.0000-8.0000 sec  0.24 MBytes  2.00 Mbits/sec  170/0      170 pps
[  6] 7.0000-8.0000 sec  0.24 MBytes  2.00 Mbits/sec  170/0      170 pps
[  9] 7.0000-8.0000 sec  0.24 MBytes  2.00 Mbits/sec  170/0      170 pps
[  7] 7.0000-8.0000 sec  0.24 MBytes  2.00 Mbits/sec  170/0      170 pps
[SUM] 7.0000-8.0000 sec  1.67 MBytes  14.0 Mbits/sec  1190/0     1190 pps
[  3] 8.0000-9.0000 sec  0.24 MBytes  2.00 Mbits/sec  170/0      170 pps
[  8] 8.0000-9.0000 sec  0.24 MBytes  2.00 Mbits/sec  170/0      170 pps
[  4] 8.0000-9.0000 sec  0.24 MBytes  2.00 Mbits/sec  170/0      170 pps
[  5] 8.0000-9.0000 sec  0.24 MBytes  2.00 Mbits/sec  170/0      170 pps
[  6] 8.0000-9.0000 sec  0.24 MBytes  2.00 Mbits/sec  170/0      170 pps
[  9] 8.0000-9.0000 sec  0.24 MBytes  2.00 Mbits/sec  170/0      170 pps
[  7] 8.0000-9.0000 sec  0.24 MBytes  2.00 Mbits/sec  170/0      170 pps
[SUM] 8.0000-9.0000 sec  1.67 MBytes  14.0 Mbits/sec  1190/0     1190 pps
[  3] 9.0000-10.0000 sec  0.24 MBytes  2.00 Mbits/sec  170/0      170 pps
[  8] 9.0000-10.0000 sec  0.24 MBytes  2.00 Mbits/sec  170/0      170 pps
[  4] 9.0000-10.0000 sec  0.24 MBytes  2.00 Mbits/sec  170/0      170 pps
[  5] 9.0000-10.0000 sec  0.24 MBytes  2.00 Mbits/sec  170/0      170 pps
[  6] 9.0000-10.0000 sec  0.24 MBytes  2.00 Mbits/sec  170/0      170 pps
[  9] 9.0000-10.0000 sec  0.24 MBytes  2.00 Mbits/sec  170/0      170 pps
[  7] 9.0000-10.0000 sec  0.24 MBytes  2.00 Mbits/sec  170/0      170 pps
[SUM] 9.0000-10.0000 sec  1.67 MBytes  14.0 Mbits/sec  1190/0     1190 pps
[  3] 10.0000-11.0000 sec  0.24 MBytes  2.00 Mbits/sec  170/0      170 pps
[  8] 10.0000-11.0000 sec  0.24 MBytes  2.00 Mbits/sec  170/0      170 pps
[  4] 10.0000-11.0000 sec  0.24 MBytes  2.00 Mbits/sec  170/0      170 pps
[  5] 10.0000-11.0000 sec  0.24 MBytes  2.00 Mbits/sec  170/0      170 pps
[  6] 10.0000-11.0000 sec  0.24 MBytes  2.00 Mbits/sec  170/0      170 pps
[  9] 10.0000-11.0000 sec  0.24 MBytes  2.00 Mbits/sec  170/0      170 pps
[  7] 10.0000-11.0000 sec  0.24 MBytes  2.00 Mbits/sec  170/0      170 pps
[SUM] 10.0000-11.0000 sec  1.67 MBytes  14.0 Mbits/sec  1190/0     1190 pps
[  3] 11.0000-12.0000 sec  0.24 MBytes  2.00 Mbits/sec  170/0      170 pps
[  8] 11.0000-12.0000 sec  0.24 MBytes  2.00 Mbits/sec  170/0      170 pps
[  4] 11.0000-12.0000 sec  0.24 MBytes  2.00 Mbits/sec  170/0      170 pps
[  5] 11.0000-12.0000 sec  0.24 MBytes  2.00 Mbits/sec  170/0      170 pps
[  6] 11.0000-12.0000 sec  0.24 MBytes  2.00 Mbits/sec  170/0      170 pps
[  9] 11.0000-12.0000 sec  0.24 MBytes  2.00 Mbits/sec  170/0      170 pps
[  7] 11.0000-12.0000 sec  0.24 MBytes  2.00 Mbits/sec  170/0      170 pps
[SUM] 11.0000-12.0000 sec  1.67 MBytes  14.0 Mbits/sec  1190/0     1190 pps
[  3] 12.0000-13.0000 sec  0.24 MBytes  2.00 Mbits/sec  170/0      170 pps
[  8] 12.0000-13.0000 sec  0.24 MBytes  2.00 Mbits/sec  170/0      170 pps
[  4] 12.0000-13.0000 sec  0.24 MBytes  2.00 Mbits/sec  170/0      170 pps
[  5] 12.0000-13.0000 sec  0.24 MBytes  2.00 Mbits/sec  170/0      170 pps
[  6] 12.0000-13.0000 sec  0.24 MBytes  2.00 Mbits/sec  170/0      170 pps
[  9] 12.0000-13.0000 sec  0.24 MBytes  2.00 Mbits/sec  170/0      170 pps
[  7] 12.0000-13.0000 sec  0.24 MBytes  2.00 Mbits/sec  170/0      170 pps
[SUM] 12.0000-13.0000 sec  1.67 MBytes  14.0 Mbits/sec  1190/0     1191 pps
[  3] 13.0000-14.0000 sec  0.24 MBytes  2.00 Mbits/sec  170/0      170 pps
[  8] 13.0000-14.0000 sec  0.24 MBytes  2.00 Mbits/sec  170/0      170 pps
[  4] 13.0000-14.0000 sec  0.24 MBytes  2.00 Mbits/sec  170/0      170 pps
[  5] 13.0000-14.0000 sec  0.24 MBytes  2.00 Mbits/sec  170/0      170 pps
[  6] 13.0000-14.0000 sec  0.24 MBytes  2.00 Mbits/sec  170/0      170 pps
[  9] 13.0000-14.0000 sec  0.24 MBytes  2.00 Mbits/sec  170/0      170 pps
[  7] 13.0000-14.0000 sec  0.24 MBytes  2.00 Mbits/sec  170/0      170 pps
[SUM] 13.0000-14.0000 sec  1.67 MBytes  14.0 Mbits/sec  1190/0     1190 pps
[  3] 14.0000-15.0000 sec  0.24 MBytes  2.01 Mbits/sec  171/0      170 pps
[  8] 14.0000-15.0000 sec  0.24 MBytes  2.01 Mbits/sec  171/0      170 pps
[  4] 14.0000-15.0000 sec  0.24 MBytes  2.01 Mbits/sec  171/0      170 pps
[  5] 14.0000-15.0000 sec  0.24 MBytes  2.01 Mbits/sec  171/0      170 pps
[  6] 14.0000-15.0000 sec  0.24 MBytes  2.00 Mbits/sec  170/0      170 pps
[  9] 14.0000-15.0000 sec  0.24 MBytes  2.00 Mbits/sec  170/0      170 pps
[  7] 14.0000-15.0000 sec  0.24 MBytes  2.01 Mbits/sec  171/0      170 pps
[SUM] 14.0000-15.0000 sec  1.68 MBytes  14.1 Mbits/sec  1195/0     1188 pps
[  3] 15.0000-16.0000 sec  0.24 MBytes  2.00 Mbits/sec  170/0      170 pps
[  8] 15.0000-16.0000 sec  0.24 MBytes  2.00 Mbits/sec  170/0      170 pps
[  4] 15.0000-16.0000 sec  0.24 MBytes  2.00 Mbits/sec  170/0      170 pps
[  5] 15.0000-16.0000 sec  0.24 MBytes  2.00 Mbits/sec  170/0      170 pps
[  6] 15.0000-16.0000 sec  0.24 MBytes  2.01 Mbits/sec  171/0      170 pps
[  9] 15.0000-16.0000 sec  0.24 MBytes  2.01 Mbits/sec  171/0      170 pps
[  7] 15.0000-16.0000 sec  0.24 MBytes  2.00 Mbits/sec  170/0      170 pps
[SUM] 15.0000-16.0000 sec  1.67 MBytes  14.0 Mbits/sec  1192/0     1192 pps
[  3] 16.0000-17.0000 sec  0.24 MBytes  2.00 Mbits/sec  170/0      170 pps
[  8] 16.0000-17.0000 sec  0.24 MBytes  2.00 Mbits/sec  170/0      170 pps
[  4] 16.0000-17.0000 sec  0.24 MBytes  2.00 Mbits/sec  170/0      170 pps
[  5] 16.0000-17.0000 sec  0.24 MBytes  2.00 Mbits/sec  170/0      170 pps
[  6] 16.0000-17.0000 sec  0.24 MBytes  2.00 Mbits/sec  170/0      170 pps
[  9] 16.0000-17.0000 sec  0.24 MBytes  2.00 Mbits/sec  170/0      170 pps
[  7] 16.0000-17.0000 sec  0.24 MBytes  2.00 Mbits/sec  170/0      170 pps
[SUM] 16.0000-17.0000 sec  1.67 MBytes  14.0 Mbits/sec  1190/0     1190 pps
[  3] 17.0000-18.0000 sec  0.24 MBytes  2.00 Mbits/sec  170/0      170 pps
[  8] 17.0000-18.0000 sec  0.24 MBytes  2.00 Mbits/sec  170/0      170 pps
[  4] 17.0000-18.0000 sec  0.24 MBytes  2.00 Mbits/sec  170/0      170 pps
[  5] 17.0000-18.0000 sec  0.24 MBytes  2.00 Mbits/sec  170/0      170 pps
[  6] 17.0000-18.0000 sec  0.24 MBytes  2.00 Mbits/sec  170/0      170 pps
[  9] 17.0000-18.0000 sec  0.24 MBytes  2.00 Mbits/sec  170/0      170 pps
[  7] 17.0000-18.0000 sec  0.24 MBytes  2.00 Mbits/sec  170/0      170 pps
[SUM] 17.0000-18.0000 sec  1.67 MBytes  14.0 Mbits/sec  1190/0     1190 pps
[  3] 18.0000-19.0000 sec  0.24 MBytes  2.00 Mbits/sec  170/0      170 pps
[  8] 18.0000-19.0000 sec  0.24 MBytes  2.00 Mbits/sec  170/0      170 pps
[  4] 18.0000-19.0000 sec  0.24 MBytes  2.00 Mbits/sec  170/0      170 pps
[  5] 18.0000-19.0000 sec  0.24 MBytes  2.00 Mbits/sec  170/0      170 pps
[  6] 18.0000-19.0000 sec  0.24 MBytes  2.00 Mbits/sec  170/0      170 pps
[  9] 18.0000-19.0000 sec  0.24 MBytes  2.00 Mbits/sec  170/0      170 pps
[  7] 18.0000-19.0000 sec  0.24 MBytes  2.00 Mbits/sec  170/0      170 pps
[SUM] 18.0000-19.0000 sec  1.67 MBytes  14.0 Mbits/sec  1190/0     1191 pps
[  3] 19.0000-20.0000 sec  0.24 MBytes  2.00 Mbits/sec  170/0      170 pps
[  8] 19.0000-20.0000 sec  0.24 MBytes  2.00 Mbits/sec  170/0      170 pps
[  4] 19.0000-20.0000 sec  0.24 MBytes  2.00 Mbits/sec  170/0      170 pps
[  5] 19.0000-20.0000 sec  0.24 MBytes  2.00 Mbits/sec  170/0      170 pps
[  6] 19.0000-20.0000 sec  0.24 MBytes  2.00 Mbits/sec  170/0      170 pps
[  9] 19.0000-20.0000 sec  0.24 MBytes  2.00 Mbits/sec  170/0      170 pps
[  7] 19.0000-20.0000 sec  0.24 MBytes  2.00 Mbits/sec  170/0      170 pps
[SUM] 19.0000-20.0000 sec  1.67 MBytes  14.0 Mbits/sec  1190/0     1190 pps
[  3] 20.0000-21.0000 sec  0.24 MBytes  2.00 Mbits/sec  170/0      170 pps
[  8] 20.0000-21.0000 sec  0.24 MBytes  2.00 Mbits/sec  170/0      170 pps
[  4] 20.0000-21.0000 sec  0.24 MBytes  2.00 Mbits/sec  170/0      170 pps
[  5] 20.0000-21.0000 sec  0.24 MBytes  2.00 Mbits/sec  170/0      170 pps
[  6] 20.0000-21.0000 sec  0.24 MBytes  2.00 Mbits/sec  170/0      170 pps
[  9] 20.0000-21.0000 sec  0.24 MBytes  2.00 Mbits/sec  170/0      170 pps
[  7] 20.0000-21.0000 sec  0.24 MBytes  2.00 Mbits/sec  170/0      170 pps
[SUM] 20.0000-21.0000 sec  1.67 MBytes  14.0 Mbits/sec  1190/0     1190 pps
[  3] 21.0000-22.0000 sec  0.24 MBytes  2.00 Mbits/sec  170/0      170 pps
[  8] 21.0000-22.0000 sec  0.24 MBytes  2.00 Mbits/sec  170/0      170 pps
[  4] 21.0000-22.0000 sec  0.24 MBytes  2.00 Mbits/sec  170/0      170 pps
[  5] 21.0000-22.0000 sec  0.24 MBytes  2.00 Mbits/sec  170/0      170 pps
[  6] 21.0000-22.0000 sec  0.24 MBytes  2.00 Mbits/sec  170/0      170 pps
[  9] 21.0000-22.0000 sec  0.24 MBytes  2.00 Mbits/sec  170/0      170 pps
[  7] 21.0000-22.0000 sec  0.24 MBytes  2.00 Mbits/sec  170/0      170 pps
[SUM] 21.0000-22.0000 sec  1.67 MBytes  14.0 Mbits/sec  1190/0     1190 pps
[  3] 22.0000-23.0000 sec  0.24 MBytes  2.00 Mbits/sec  170/0      170 pps
[  8] 22.0000-23.0000 sec  0.24 MBytes  2.00 Mbits/sec  170/0      170 pps
[  4] 22.0000-23.0000 sec  0.24 MBytes  2.00 Mbits/sec  170/0      170 pps
[  5] 22.0000-23.0000 sec  0.24 MBytes  2.00 Mbits/sec  170/0      170 pps
[  6] 22.0000-23.0000 sec  0.24 MBytes  2.00 Mbits/sec  170/0      170 pps
[  9] 22.0000-23.0000 sec  0.24 MBytes  2.00 Mbits/sec  170/0      170 pps
[  7] 22.0000-23.0000 sec  0.24 MBytes  2.00 Mbits/sec  170/0      170 pps
[SUM] 22.0000-23.0000 sec  1.67 MBytes  14.0 Mbits/sec  1190/0     1190 pps
[  3] 23.0000-24.0000 sec  0.24 MBytes  2.00 Mbits/sec  170/0      170 pps
[  8] 23.0000-24.0000 sec  0.24 MBytes  2.00 Mbits/sec  170/0      170 pps
[  4] 23.0000-24.0000 sec  0.24 MBytes  2.00 Mbits/sec  170/0      170 pps
[  5] 23.0000-24.0000 sec  0.24 MBytes  2.00 Mbits/sec  170/0      170 pps
[  6] 23.0000-24.0000 sec  0.24 MBytes  2.00 Mbits/sec  170/0      170 pps
[  9] 23.0000-24.0000 sec  0.24 MBytes  2.00 Mbits/sec  170/0      170 pps
[  7] 23.0000-24.0000 sec  0.24 MBytes  2.00 Mbits/sec  170/0      170 pps
[SUM] 23.0000-24.0000 sec  1.67 MBytes  14.0 Mbits/sec  1190/0     1190 pps
[  3] 24.0000-25.0000 sec  0.24 MBytes  2.00 Mbits/sec  170/0      170 pps
[  8] 24.0000-25.0000 sec  0.24 MBytes  2.00 Mbits/sec  170/0      170 pps
[  4] 24.0000-25.0000 sec  0.24 MBytes  2.00 Mbits/sec  170/0      170 pps
[  5] 24.0000-25.0000 sec  0.24 MBytes  2.00 Mbits/sec  170/0      170 pps
[  6] 24.0000-25.0000 sec  0.24 MBytes  2.00 Mbits/sec  170/0      170 pps
[  9] 24.0000-25.0000 sec  0.24 MBytes  2.00 Mbits/sec  170/0      170 pps
[  7] 24.0000-25.0000 sec  0.24 MBytes  2.00 Mbits/sec  170/0      170 pps
[SUM] 24.0000-25.0000 sec  1.67 MBytes  14.0 Mbits/sec  1190/0     1191 pps
[  3] 25.0000-26.0000 sec  0.24 MBytes  2.00 Mbits/sec  170/0      170 pps
[  8] 25.0000-26.0000 sec  0.24 MBytes  2.00 Mbits/sec  170/0      170 pps
[  4] 25.0000-26.0000 sec  0.24 MBytes  2.00 Mbits/sec  170/0      170 pps
[  5] 25.0000-26.0000 sec  0.24 MBytes  2.00 Mbits/sec  170/0      170 pps
[  6] 25.0000-26.0000 sec  0.24 MBytes  2.00 Mbits/sec  170/0      170 pps
[  9] 25.0000-26.0000 sec  0.24 MBytes  2.00 Mbits/sec  170/0      170 pps
[  7] 25.0000-26.0000 sec  0.24 MBytes  2.00 Mbits/sec  170/0      170 pps
[SUM] 25.0000-26.0000 sec  1.67 MBytes  14.0 Mbits/sec  1190/0     1190 pps
[  3] 26.0000-27.0000 sec  0.24 MBytes  2.00 Mbits/sec  170/0      170 pps
[  8] 26.0000-27.0000 sec  0.24 MBytes  2.00 Mbits/sec  170/0      170 pps
[  4] 26.0000-27.0000 sec  0.24 MBytes  2.00 Mbits/sec  170/0      170 pps
[  5] 26.0000-27.0000 sec  0.24 MBytes  2.00 Mbits/sec  170/0      170 pps
[  6] 26.0000-27.0000 sec  0.24 MBytes  2.00 Mbits/sec  170/0      170 pps
[  9] 26.0000-27.0000 sec  0.24 MBytes  2.00 Mbits/sec  170/0      170 pps
[  7] 26.0000-27.0000 sec  0.24 MBytes  2.00 Mbits/sec  170/0      170 pps
[SUM] 26.0000-27.0000 sec  1.67 MBytes  14.0 Mbits/sec  1190/0     1190 pps
[  3] 27.0000-28.0000 sec  0.24 MBytes  2.00 Mbits/sec  170/0      170 pps
[  8] 27.0000-28.0000 sec  0.24 MBytes  2.00 Mbits/sec  170/0      170 pps
[  4] 27.0000-28.0000 sec  0.24 MBytes  2.00 Mbits/sec  170/0      170 pps
[  5] 27.0000-28.0000 sec  0.24 MBytes  2.00 Mbits/sec  170/0      170 pps
[  6] 27.0000-28.0000 sec  0.24 MBytes  2.00 Mbits/sec  170/0      170 pps
[  9] 27.0000-28.0000 sec  0.24 MBytes  2.00 Mbits/sec  170/0      170 pps
[  7] 27.0000-28.0000 sec  0.24 MBytes  2.00 Mbits/sec  170/0      170 pps
[SUM] 27.0000-28.0000 sec  1.67 MBytes  14.0 Mbits/sec  1190/0     1190 pps
[  3] 28.0000-29.0000 sec  0.24 MBytes  2.00 Mbits/sec  170/0      170 pps
[  8] 28.0000-29.0000 sec  0.24 MBytes  2.00 Mbits/sec  170/0      170 pps
[  4] 28.0000-29.0000 sec  0.24 MBytes  2.00 Mbits/sec  170/0      170 pps
[  5] 28.0000-29.0000 sec  0.24 MBytes  2.00 Mbits/sec  170/0      170 pps
[  6] 28.0000-29.0000 sec  0.24 MBytes  2.00 Mbits/sec  170/0      170 pps
[  9] 28.0000-29.0000 sec  0.24 MBytes  2.00 Mbits/sec  170/0      170 pps
[  7] 28.0000-29.0000 sec  0.24 MBytes  2.00 Mbits/sec  170/0      170 pps
[SUM] 28.0000-29.0000 sec  1.67 MBytes  14.0 Mbits/sec  1190/0     1190 pps
[  3] 29.0000-30.0000 sec  0.24 MBytes  2.01 Mbits/sec  171/0      170 pps
[  8] 29.0000-30.0000 sec  0.24 MBytes  2.01 Mbits/sec  171/0      170 pps
[  4] 29.0000-30.0000 sec  0.24 MBytes  2.01 Mbits/sec  171/0      170 pps
[  5] 29.0000-30.0000 sec  0.24 MBytes  2.01 Mbits/sec  171/0      170 pps
[  6] 29.0000-30.0000 sec  0.24 MBytes  2.01 Mbits/sec  171/0      170 pps
[  9] 29.0000-30.0000 sec  0.24 MBytes  2.01 Mbits/sec  171/0      170 pps
[  7] 29.0000-30.0000 sec  0.24 MBytes  2.01 Mbits/sec  171/0      170 pps
[SUM] 29.0000-30.0000 sec  1.68 MBytes  14.1 Mbits/sec  1197/0     1190 pps
[  3] 30.0000-31.0000 sec  0.24 MBytes  2.00 Mbits/sec  170/0      170 pps
[  8] 30.0000-31.0000 sec  0.24 MBytes  2.00 Mbits/sec  170/0      170 pps
[  4] 30.0000-31.0000 sec  0.24 MBytes  2.00 Mbits/sec  170/0      170 pps
[  5] 30.0000-31.0000 sec  0.24 MBytes  2.00 Mbits/sec  170/0      170 pps
[  6] 30.0000-31.0000 sec  0.24 MBytes  2.00 Mbits/sec  170/0      170 pps
[  9] 30.0000-31.0000 sec  0.24 MBytes  2.00 Mbits/sec  170/0      170 pps
[  7] 30.0000-31.0000 sec  0.24 MBytes  2.00 Mbits/sec  170/0      170 pps
[SUM] 30.0000-31.0000 sec  1.67 MBytes  14.0 Mbits/sec  1190/0     1190 pps
[  3] 31.0000-32.0000 sec  0.24 MBytes  2.00 Mbits/sec  170/0      170 pps
[  8] 31.0000-32.0000 sec  0.24 MBytes  2.00 Mbits/sec  170/0      170 pps
[  4] 31.0000-32.0000 sec  0.24 MBytes  2.00 Mbits/sec  170/0      170 pps
[  5] 31.0000-32.0000 sec  0.24 MBytes  2.00 Mbits/sec  170/0      170 pps
[  6] 31.0000-32.0000 sec  0.24 MBytes  2.00 Mbits/sec  170/0      170 pps
[  9] 31.0000-32.0000 sec  0.24 MBytes  2.00 Mbits/sec  170/0      170 pps
[  7] 31.0000-32.0000 sec  0.24 MBytes  2.00 Mbits/sec  170/0      170 pps
[SUM] 31.0000-32.0000 sec  1.67 MBytes  14.0 Mbits/sec  1190/0     1191 pps
[  3] 32.0000-33.0000 sec  0.24 MBytes  2.00 Mbits/sec  170/0      170 pps
[  8] 32.0000-33.0000 sec  0.24 MBytes  2.00 Mbits/sec  170/0      170 pps
[  4] 32.0000-33.0000 sec  0.24 MBytes  2.00 Mbits/sec  170/0      170 pps
[  5] 32.0000-33.0000 sec  0.24 MBytes  2.00 Mbits/sec  170/0      170 pps
[  6] 32.0000-33.0000 sec  0.24 MBytes  2.00 Mbits/sec  170/0      170 pps
[  9] 32.0000-33.0000 sec  0.24 MBytes  2.00 Mbits/sec  170/0      170 pps
[  7] 32.0000-33.0000 sec  0.24 MBytes  2.00 Mbits/sec  170/0      170 pps
[SUM] 32.0000-33.0000 sec  1.67 MBytes  14.0 Mbits/sec  1190/0     1190 pps
[  3] 33.0000-34.0000 sec  0.24 MBytes  2.00 Mbits/sec  170/0      170 pps
[  8] 33.0000-34.0000 sec  0.24 MBytes  2.00 Mbits/sec  170/0      170 pps
[  4] 33.0000-34.0000 sec  0.24 MBytes  2.00 Mbits/sec  170/0      170 pps
[  5] 33.0000-34.0000 sec  0.24 MBytes  2.00 Mbits/sec  170/0      170 pps
[  6] 33.0000-34.0000 sec  0.24 MBytes  2.00 Mbits/sec  170/0      170 pps
[  9] 33.0000-34.0000 sec  0.24 MBytes  2.00 Mbits/sec  170/0      170 pps
[  7] 33.0000-34.0000 sec  0.24 MBytes  2.00 Mbits/sec  170/0      170 pps
[SUM] 33.0000-34.0000 sec  1.67 MBytes  14.0 Mbits/sec  1190/0     1191 pps
[  3] 34.0000-35.0000 sec  0.24 MBytes  2.00 Mbits/sec  170/0      170 pps
[  8] 34.0000-35.0000 sec  0.24 MBytes  2.00 Mbits/sec  170/0      170 pps
[  4] 34.0000-35.0000 sec  0.24 MBytes  2.00 Mbits/sec  170/0      170 pps
[  5] 34.0000-35.0000 sec  0.24 MBytes  2.00 Mbits/sec  170/0      170 pps
[  6] 34.0000-35.0000 sec  0.24 MBytes  2.00 Mbits/sec  170/0      170 pps
[  9] 34.0000-35.0000 sec  0.24 MBytes  2.00 Mbits/sec  170/0      170 pps
[  7] 34.0000-35.0000 sec  0.24 MBytes  2.00 Mbits/sec  170/0      170 pps
[SUM] 34.0000-35.0000 sec  1.67 MBytes  14.0 Mbits/sec  1190/0     1190 pps
[  3] 35.0000-36.0000 sec  0.24 MBytes  2.00 Mbits/sec  170/0      170 pps
[  8] 35.0000-36.0000 sec  0.24 MBytes  2.00 Mbits/sec  170/0      170 pps
[  4] 35.0000-36.0000 sec  0.24 MBytes  2.00 Mbits/sec  170/0      170 pps
[  5] 35.0000-36.0000 sec  0.24 MBytes  2.00 Mbits/sec  170/0      170 pps
[  6] 35.0000-36.0000 sec  0.24 MBytes  2.00 Mbits/sec  170/0      170 pps
[  9] 35.0000-36.0000 sec  0.24 MBytes  2.00 Mbits/sec  170/0      170 pps
[  7] 35.0000-36.0000 sec  0.24 MBytes  2.00 Mbits/sec  170/0      170 pps
[SUM] 35.0000-36.0000 sec  1.67 MBytes  14.0 Mbits/sec  1190/0     1190 pps
[  3] 36.0000-37.0000 sec  0.24 MBytes  2.00 Mbits/sec  170/0      170 pps
[  8] 36.0000-37.0000 sec  0.24 MBytes  2.00 Mbits/sec  170/0      170 pps
[  4] 36.0000-37.0000 sec  0.24 MBytes  2.00 Mbits/sec  170/0      170 pps
[  5] 36.0000-37.0000 sec  0.24 MBytes  2.00 Mbits/sec  170/0      170 pps
[  6] 36.0000-37.0000 sec  0.24 MBytes  2.00 Mbits/sec  170/0      170 pps
[  9] 36.0000-37.0000 sec  0.24 MBytes  2.00 Mbits/sec  170/0      170 pps
[  7] 36.0000-37.0000 sec  0.24 MBytes  2.00 Mbits/sec  170/0      170 pps
[SUM] 36.0000-37.0000 sec  1.67 MBytes  14.0 Mbits/sec  1190/0     1191 pps
[  3] 37.0000-38.0000 sec  0.24 MBytes  2.00 Mbits/sec  170/0      170 pps
[  8] 37.0000-38.0000 sec  0.24 MBytes  2.00 Mbits/sec  170/0      170 pps
[  4] 37.0000-38.0000 sec  0.24 MBytes  2.00 Mbits/sec  170/0      170 pps
[  5] 37.0000-38.0000 sec  0.24 MBytes  2.00 Mbits/sec  170/0      170 pps
[  6] 37.0000-38.0000 sec  0.24 MBytes  2.00 Mbits/sec  170/0      170 pps
[  9] 37.0000-38.0000 sec  0.24 MBytes  2.00 Mbits/sec  170/0      170 pps
[  7] 37.0000-38.0000 sec  0.24 MBytes  2.00 Mbits/sec  170/0      170 pps
[SUM] 37.0000-38.0000 sec  1.67 MBytes  14.0 Mbits/sec  1190/0     1190 pps
[  3] 38.0000-39.0000 sec  0.24 MBytes  2.00 Mbits/sec  170/0      170 pps
[  8] 38.0000-39.0000 sec  0.24 MBytes  2.00 Mbits/sec  170/0      170 pps
[  4] 38.0000-39.0000 sec  0.24 MBytes  2.00 Mbits/sec  170/0      170 pps
[  5] 38.0000-39.0000 sec  0.24 MBytes  2.00 Mbits/sec  170/0      170 pps
[  6] 38.0000-39.0000 sec  0.24 MBytes  2.00 Mbits/sec  170/0      170 pps
[  9] 38.0000-39.0000 sec  0.24 MBytes  2.00 Mbits/sec  170/0      170 pps
[  7] 38.0000-39.0000 sec  0.24 MBytes  2.00 Mbits/sec  170/0      170 pps
[SUM] 38.0000-39.0000 sec  1.67 MBytes  14.0 Mbits/sec  1190/0     1190 pps
[  3] 39.0000-40.0000 sec  0.24 MBytes  2.00 Mbits/sec  170/0      170 pps
[  8] 39.0000-40.0000 sec  0.24 MBytes  2.00 Mbits/sec  170/0      170 pps
[  4] 39.0000-40.0000 sec  0.24 MBytes  2.00 Mbits/sec  170/0      170 pps
[  5] 39.0000-40.0000 sec  0.24 MBytes  2.00 Mbits/sec  170/0      170 pps
[  6] 39.0000-40.0000 sec  0.24 MBytes  2.00 Mbits/sec  170/0      170 pps
[  9] 39.0000-40.0000 sec  0.24 MBytes  2.00 Mbits/sec  170/0      170 pps
[  7] 39.0000-40.0000 sec  0.24 MBytes  2.00 Mbits/sec  170/0      170 pps
[SUM] 39.0000-40.0000 sec  1.67 MBytes  14.0 Mbits/sec  1190/0     1190 pps
[  3] 40.0000-41.0000 sec  0.24 MBytes  2.00 Mbits/sec  170/0      170 pps
[  8] 40.0000-41.0000 sec  0.24 MBytes  2.00 Mbits/sec  170/0      170 pps
[  4] 40.0000-41.0000 sec  0.24 MBytes  2.00 Mbits/sec  170/0      170 pps
[  5] 40.0000-41.0000 sec  0.24 MBytes  2.00 Mbits/sec  170/0      170 pps
[  6] 40.0000-41.0000 sec  0.24 MBytes  2.00 Mbits/sec  170/0      170 pps
[  9] 40.0000-41.0000 sec  0.24 MBytes  2.00 Mbits/sec  170/0      170 pps
[  7] 40.0000-41.0000 sec  0.24 MBytes  2.00 Mbits/sec  170/0      170 pps
[SUM] 40.0000-41.0000 sec  1.67 MBytes  14.0 Mbits/sec  1190/0     1190 pps
[  3] 41.0000-42.0000 sec  0.24 MBytes  2.00 Mbits/sec  170/0      170 pps
[  8] 41.0000-42.0000 sec  0.24 MBytes  2.00 Mbits/sec  170/0      170 pps
[  4] 41.0000-42.0000 sec  0.24 MBytes  2.00 Mbits/sec  170/0      170 pps
[  5] 41.0000-42.0000 sec  0.24 MBytes  2.00 Mbits/sec  170/0      170 pps
[  6] 41.0000-42.0000 sec  0.24 MBytes  2.00 Mbits/sec  170/0      170 pps
[  9] 41.0000-42.0000 sec  0.24 MBytes  2.00 Mbits/sec  170/0      170 pps
[  7] 41.0000-42.0000 sec  0.24 MBytes  2.00 Mbits/sec  170/0      170 pps
[SUM] 41.0000-42.0000 sec  1.67 MBytes  14.0 Mbits/sec  1190/0     1190 pps
[  3] 42.0000-43.0000 sec  0.24 MBytes  2.00 Mbits/sec  170/0      170 pps
[  8] 42.0000-43.0000 sec  0.24 MBytes  2.00 Mbits/sec  170/0      170 pps
[  4] 42.0000-43.0000 sec  0.24 MBytes  2.00 Mbits/sec  170/0      170 pps
[  5] 42.0000-43.0000 sec  0.24 MBytes  2.00 Mbits/sec  170/0      170 pps
[  6] 42.0000-43.0000 sec  0.24 MBytes  2.00 Mbits/sec  170/0      170 pps
[  9] 42.0000-43.0000 sec  0.24 MBytes  2.00 Mbits/sec  170/0      170 pps
[  7] 42.0000-43.0000 sec  0.24 MBytes  2.00 Mbits/sec  170/0      170 pps
[SUM] 42.0000-43.0000 sec  1.67 MBytes  14.0 Mbits/sec  1190/0     1190 pps
[  3] 43.0000-44.0000 sec  0.24 MBytes  2.00 Mbits/sec  170/0      170 pps
[  8] 43.0000-44.0000 sec  0.24 MBytes  2.00 Mbits/sec  170/0      170 pps
[  4] 43.0000-44.0000 sec  0.24 MBytes  2.00 Mbits/sec  170/0      170 pps
[  5] 43.0000-44.0000 sec  0.24 MBytes  2.00 Mbits/sec  170/0      170 pps
[  6] 43.0000-44.0000 sec  0.24 MBytes  2.00 Mbits/sec  170/0      170 pps
[  9] 43.0000-44.0000 sec  0.24 MBytes  2.00 Mbits/sec  170/0      170 pps
[  7] 43.0000-44.0000 sec  0.24 MBytes  2.00 Mbits/sec  170/0      170 pps
[SUM] 43.0000-44.0000 sec  1.67 MBytes  14.0 Mbits/sec  1190/0     1191 pps
[  3] 44.0000-45.0000 sec  0.24 MBytes  2.01 Mbits/sec  171/0      170 pps
[  8] 44.0000-45.0000 sec  0.24 MBytes  2.01 Mbits/sec  171/0      170 pps
[  4] 44.0000-45.0000 sec  0.24 MBytes  2.01 Mbits/sec  171/0      170 pps
[  5] 44.0000-45.0000 sec  0.24 MBytes  2.01 Mbits/sec  171/0      170 pps
[  6] 44.0000-45.0000 sec  0.24 MBytes  2.01 Mbits/sec  171/0      170 pps
[  9] 44.0000-45.0000 sec  0.24 MBytes  2.01 Mbits/sec  171/0      170 pps
[  7] 44.0000-45.0000 sec  0.24 MBytes  2.01 Mbits/sec  171/0      170 pps
[SUM] 44.0000-45.0000 sec  1.68 MBytes  14.1 Mbits/sec  1197/0     1190 pps
[  3] 45.0000-46.0000 sec  0.24 MBytes  2.00 Mbits/sec  170/0      170 pps
[  8] 45.0000-46.0000 sec  0.24 MBytes  2.00 Mbits/sec  170/0      170 pps
[  4] 45.0000-46.0000 sec  0.24 MBytes  2.00 Mbits/sec  170/0      170 pps
[  5] 45.0000-46.0000 sec  0.24 MBytes  2.00 Mbits/sec  170/0      170 pps
[  6] 45.0000-46.0000 sec  0.24 MBytes  2.00 Mbits/sec  170/0      170 pps
[  9] 45.0000-46.0000 sec  0.24 MBytes  2.00 Mbits/sec  170/0      170 pps
[  7] 45.0000-46.0000 sec  0.24 MBytes  2.00 Mbits/sec  170/0      170 pps
[SUM] 45.0000-46.0000 sec  1.67 MBytes  14.0 Mbits/sec  1190/0     1190 pps
[  3] 46.0000-47.0000 sec  0.24 MBytes  2.00 Mbits/sec  170/0      170 pps
[  8] 46.0000-47.0000 sec  0.24 MBytes  2.00 Mbits/sec  170/0      170 pps
[  4] 46.0000-47.0000 sec  0.24 MBytes  2.00 Mbits/sec  170/0      170 pps
[  5] 46.0000-47.0000 sec  0.24 MBytes  2.00 Mbits/sec  170/0      170 pps
[  6] 46.0000-47.0000 sec  0.24 MBytes  2.00 Mbits/sec  170/0      170 pps
[  9] 46.0000-47.0000 sec  0.24 MBytes  2.00 Mbits/sec  170/0      170 pps
[  7] 46.0000-47.0000 sec  0.24 MBytes  2.00 Mbits/sec  170/0      170 pps
[SUM] 46.0000-47.0000 sec  1.67 MBytes  14.0 Mbits/sec  1190/0     1190 pps
[  3] 47.0000-48.0000 sec  0.24 MBytes  2.00 Mbits/sec  170/0      170 pps
[  8] 47.0000-48.0000 sec  0.24 MBytes  2.00 Mbits/sec  170/0      170 pps
[  4] 47.0000-48.0000 sec  0.24 MBytes  2.00 Mbits/sec  170/0      170 pps
[  5] 47.0000-48.0000 sec  0.24 MBytes  2.00 Mbits/sec  170/0      170 pps
[  6] 47.0000-48.0000 sec  0.24 MBytes  2.00 Mbits/sec  170/0      170 pps
[  9] 47.0000-48.0000 sec  0.24 MBytes  2.00 Mbits/sec  170/0      170 pps
[  7] 47.0000-48.0000 sec  0.24 MBytes  2.00 Mbits/sec  170/0      170 pps
[SUM] 47.0000-48.0000 sec  1.67 MBytes  14.0 Mbits/sec  1190/0     1190 pps
[  3] 48.0000-49.0000 sec  0.24 MBytes  2.00 Mbits/sec  170/0      170 pps
[  8] 48.0000-49.0000 sec  0.24 MBytes  2.00 Mbits/sec  170/0      170 pps
[  4] 48.0000-49.0000 sec  0.24 MBytes  2.00 Mbits/sec  170/0      170 pps
[  5] 48.0000-49.0000 sec  0.24 MBytes  2.00 Mbits/sec  170/0      170 pps
[  6] 48.0000-49.0000 sec  0.24 MBytes  2.00 Mbits/sec  170/0      170 pps
[  9] 48.0000-49.0000 sec  0.24 MBytes  2.00 Mbits/sec  170/0      170 pps
[  7] 48.0000-49.0000 sec  0.24 MBytes  2.00 Mbits/sec  170/0      170 pps
[SUM] 48.0000-49.0000 sec  1.67 MBytes  14.0 Mbits/sec  1190/0     1191 pps
[  3] 49.0000-50.0000 sec  0.24 MBytes  2.00 Mbits/sec  170/0      170 pps
[  8] 49.0000-50.0000 sec  0.24 MBytes  2.00 Mbits/sec  170/0      170 pps
[  4] 49.0000-50.0000 sec  0.24 MBytes  2.00 Mbits/sec  170/0      170 pps
[  5] 49.0000-50.0000 sec  0.24 MBytes  2.00 Mbits/sec  170/0      170 pps
[  6] 49.0000-50.0000 sec  0.24 MBytes  2.00 Mbits/sec  170/0      170 pps
[  9] 49.0000-50.0000 sec  0.24 MBytes  2.00 Mbits/sec  170/0      170 pps
[  7] 49.0000-50.0000 sec  0.24 MBytes  2.00 Mbits/sec  170/0      170 pps
[SUM] 49.0000-50.0000 sec  1.67 MBytes  14.0 Mbits/sec  1190/0     1190 pps
[  3] 50.0000-51.0000 sec  0.24 MBytes  2.00 Mbits/sec  170/0      170 pps
[  8] 50.0000-51.0000 sec  0.24 MBytes  2.00 Mbits/sec  170/0      170 pps
[  4] 50.0000-51.0000 sec  0.24 MBytes  2.00 Mbits/sec  170/0      170 pps
[  5] 50.0000-51.0000 sec  0.24 MBytes  2.00 Mbits/sec  170/0      170 pps
[  6] 50.0000-51.0000 sec  0.24 MBytes  2.00 Mbits/sec  170/0      170 pps
[  9] 50.0000-51.0000 sec  0.24 MBytes  2.00 Mbits/sec  170/0      170 pps
[  7] 50.0000-51.0000 sec  0.24 MBytes  2.00 Mbits/sec  170/0      170 pps
[SUM] 50.0000-51.0000 sec  1.67 MBytes  14.0 Mbits/sec  1190/0     1190 pps
[  3] 51.0000-52.0000 sec  0.24 MBytes  2.00 Mbits/sec  170/0      170 pps
[  8] 51.0000-52.0000 sec  0.24 MBytes  2.00 Mbits/sec  170/0      170 pps
[  4] 51.0000-52.0000 sec  0.24 MBytes  2.00 Mbits/sec  170/0      170 pps
[  5] 51.0000-52.0000 sec  0.24 MBytes  2.00 Mbits/sec  170/0      170 pps
[  6] 51.0000-52.0000 sec  0.24 MBytes  2.00 Mbits/sec  170/0      170 pps
[  9] 51.0000-52.0000 sec  0.24 MBytes  2.00 Mbits/sec  170/0      170 pps
[  7] 51.0000-52.0000 sec  0.24 MBytes  2.00 Mbits/sec  170/0      170 pps
[SUM] 51.0000-52.0000 sec  1.67 MBytes  14.0 Mbits/sec  1190/0     1190 pps
[  3] 52.0000-53.0000 sec  0.24 MBytes  2.00 Mbits/sec  170/0      170 pps
[  8] 52.0000-53.0000 sec  0.24 MBytes  2.00 Mbits/sec  170/0      170 pps
[  4] 52.0000-53.0000 sec  0.24 MBytes  2.00 Mbits/sec  170/0      170 pps
[  5] 52.0000-53.0000 sec  0.24 MBytes  2.00 Mbits/sec  170/0      170 pps
[  6] 52.0000-53.0000 sec  0.24 MBytes  2.00 Mbits/sec  170/0      170 pps
[  9] 52.0000-53.0000 sec  0.24 MBytes  2.00 Mbits/sec  170/0      170 pps
[  7] 52.0000-53.0000 sec  0.24 MBytes  2.00 Mbits/sec  170/0      170 pps
[SUM] 52.0000-53.0000 sec  1.67 MBytes  14.0 Mbits/sec  1190/0     1190 pps
[  3] 53.0000-54.0000 sec  0.24 MBytes  2.00 Mbits/sec  170/0      170 pps
[  8] 53.0000-54.0000 sec  0.24 MBytes  2.00 Mbits/sec  170/0      170 pps
[  4] 53.0000-54.0000 sec  0.24 MBytes  2.00 Mbits/sec  170/0      170 pps
[  5] 53.0000-54.0000 sec  0.24 MBytes  2.00 Mbits/sec  170/0      170 pps
[  6] 53.0000-54.0000 sec  0.24 MBytes  2.00 Mbits/sec  170/0      170 pps
[  9] 53.0000-54.0000 sec  0.24 MBytes  2.00 Mbits/sec  170/0      170 pps
[  7] 53.0000-54.0000 sec  0.24 MBytes  2.00 Mbits/sec  170/0      170 pps
[SUM] 53.0000-54.0000 sec  1.67 MBytes  14.0 Mbits/sec  1190/0     1190 pps
[  3] 54.0000-55.0000 sec  0.24 MBytes  2.00 Mbits/sec  170/0      170 pps
[  8] 54.0000-55.0000 sec  0.24 MBytes  2.00 Mbits/sec  170/0      170 pps
[  4] 54.0000-55.0000 sec  0.24 MBytes  2.00 Mbits/sec  170/0      170 pps
[  5] 54.0000-55.0000 sec  0.24 MBytes  2.00 Mbits/sec  170/0      170 pps
[  6] 54.0000-55.0000 sec  0.24 MBytes  2.00 Mbits/sec  170/0      170 pps
[  9] 54.0000-55.0000 sec  0.24 MBytes  2.00 Mbits/sec  170/0      170 pps
[  7] 54.0000-55.0000 sec  0.24 MBytes  2.00 Mbits/sec  170/0      170 pps
[SUM] 54.0000-55.0000 sec  1.67 MBytes  14.0 Mbits/sec  1190/0     1190 pps
[  3] 55.0000-56.0000 sec  0.24 MBytes  2.00 Mbits/sec  170/0      170 pps
[  8] 55.0000-56.0000 sec  0.24 MBytes  2.00 Mbits/sec  170/0      170 pps
[  4] 55.0000-56.0000 sec  0.24 MBytes  2.00 Mbits/sec  170/0      170 pps
[  5] 55.0000-56.0000 sec  0.24 MBytes  2.00 Mbits/sec  170/0      170 pps
[  6] 55.0000-56.0000 sec  0.24 MBytes  2.00 Mbits/sec  170/0      170 pps
[  9] 55.0000-56.0000 sec  0.24 MBytes  2.00 Mbits/sec  170/0      170 pps
[  7] 55.0000-56.0000 sec  0.24 MBytes  2.00 Mbits/sec  170/0      170 pps
[SUM] 55.0000-56.0000 sec  1.67 MBytes  14.0 Mbits/sec  1190/0     1191 pps
[  3] 56.0000-57.0000 sec  0.24 MBytes  2.00 Mbits/sec  170/0      170 pps
[  8] 56.0000-57.0000 sec  0.24 MBytes  2.00 Mbits/sec  170/0      170 pps
[  4] 56.0000-57.0000 sec  0.24 MBytes  2.00 Mbits/sec  170/0      170 pps
[  5] 56.0000-57.0000 sec  0.24 MBytes  2.00 Mbits/sec  170/0      170 pps
[  6] 56.0000-57.0000 sec  0.24 MBytes  2.00 Mbits/sec  170/0      170 pps
[  9] 56.0000-57.0000 sec  0.24 MBytes  2.00 Mbits/sec  170/0      170 pps
[  7] 56.0000-57.0000 sec  0.24 MBytes  2.00 Mbits/sec  170/0      170 pps
[SUM] 56.0000-57.0000 sec  1.67 MBytes  14.0 Mbits/sec  1190/0     1190 pps
[  3] 57.0000-58.0000 sec  0.24 MBytes  2.00 Mbits/sec  170/0      170 pps
[  8] 57.0000-58.0000 sec  0.24 MBytes  2.00 Mbits/sec  170/0      170 pps
[  4] 57.0000-58.0000 sec  0.24 MBytes  2.00 Mbits/sec  170/0      170 pps
[  5] 57.0000-58.0000 sec  0.24 MBytes  2.00 Mbits/sec  170/0      170 pps
[  6] 57.0000-58.0000 sec  0.24 MBytes  2.00 Mbits/sec  170/0      170 pps
[  9] 57.0000-58.0000 sec  0.24 MBytes  2.00 Mbits/sec  170/0      170 pps
[  7] 57.0000-58.0000 sec  0.24 MBytes  2.00 Mbits/sec  170/0      170 pps
[SUM] 57.0000-58.0000 sec  1.67 MBytes  14.0 Mbits/sec  1190/0     1190 pps
[  3] 58.0000-59.0000 sec  0.24 MBytes  2.00 Mbits/sec  170/0      170 pps
[  8] 58.0000-59.0000 sec  0.24 MBytes  2.00 Mbits/sec  170/0      170 pps
[  4] 58.0000-59.0000 sec  0.24 MBytes  2.00 Mbits/sec  170/0      170 pps
[  5] 58.0000-59.0000 sec  0.24 MBytes  2.00 Mbits/sec  170/0      170 pps
[  6] 58.0000-59.0000 sec  0.24 MBytes  2.00 Mbits/sec  170/0      170 pps
[  9] 58.0000-59.0000 sec  0.24 MBytes  2.00 Mbits/sec  170/0      170 pps
[  7] 58.0000-59.0000 sec  0.24 MBytes  2.00 Mbits/sec  170/0      170 pps
[SUM] 58.0000-59.0000 sec  1.67 MBytes  14.0 Mbits/sec  1190/0     1190 pps
[  3] 0.0000-60.0055 sec  14.3 MBytes  2.00 Mbits/sec  10205/0      170 pps
[  3] Sent 10205 datagrams
[  8] 0.0000-60.0055 sec  14.3 MBytes  2.00 Mbits/sec  10205/0      170 pps
[  8] Sent 10205 datagrams
[  8] Server Report:
[  8] 0.0000-60.0061 sec  14.2 MBytes  1.99 Mbits/sec   0.782 ms   67/10205 (0.66%) 40.255/33.412/198.416/ 0.230 ms  170 pps  6.17
[  8] 0.0000-60.0061 sec  46 datagrams received out-of-order
[  3] Server Report:
[  3] 0.0000-60.0046 sec  14.2 MBytes  1.99 Mbits/sec   2.104 ms   66/10205 (0.65%) 38.910/30.363/196.725/ 0.320 ms  170 pps  6.38
[  3] 0.0000-60.0046 sec  45 datagrams received out-of-order
[  4] 0.0000-60.0055 sec  14.3 MBytes  2.00 Mbits/sec  10205/0      170 pps
[  4] Sent 10205 datagrams
[  5] 0.0000-60.0055 sec  14.3 MBytes  2.00 Mbits/sec  10205/0      170 pps
[  5] Sent 10205 datagrams
[  4] Server Report:
[  4] 0.0000-60.0063 sec  14.2 MBytes  1.98 Mbits/sec   0.641 ms   83/10205 (0.81%) 39.873/31.689/201.455/ 0.493 ms  170 pps  6.22
[  4] 0.0000-60.0063 sec  37 datagrams received out-of-order
[  5] Server Report:
[  5] 0.0000-60.0079 sec  14.2 MBytes  1.99 Mbits/sec   1.972 ms   75/10205 (0.73%) 39.379/34.060/201.667/ 0.110 ms  170 pps  6.30
[  5] 0.0000-60.0079 sec  39 datagrams received out-of-order
[  9] 0.0000-60.0055 sec  14.3 MBytes  2.00 Mbits/sec  10205/0      170 pps
[  9] Sent 10205 datagrams
[  9] Server Report:
[  9] 0.0000-60.0070 sec  14.2 MBytes  1.98 Mbits/sec   0.733 ms   79/10205 (0.77%) 39.987/33.078/203.332/ 0.488 ms  170 pps  6.20
[  9] 0.0000-60.0070 sec  37 datagrams received out-of-order
[  6] 0.0000-60.0055 sec  14.3 MBytes  2.00 Mbits/sec  10205/0      170 pps
[  6] Sent 10205 datagrams
[  7] 0.0000-60.0056 sec  14.3 MBytes  2.00 Mbits/sec  10205/0      170 pps
[  7] Sent 10205 datagrams
[SUM] 0.0000-60.0056 sec   100 MBytes  14.0 Mbits/sec  71435/0     1190 pps
[SUM] Sent 71435 datagrams
[  6] Server Report:
[  6] 0.0000-60.0080 sec  14.2 MBytes  1.98 Mbits/sec   1.303 ms   77/10205 (0.75%) 40.818/35.553/202.507/ 0.574 ms  170 pps  6.08
[  6] 0.0000-60.0080 sec  38 datagrams received out-of-order
[  7] Server Report:
[  7] 0.0000-60.0088 sec  14.2 MBytes  1.98 Mbits/sec   1.045 ms   81/10205 (0.79%) 40.267/36.370/204.165/ 0.357 ms  170 pps  6.16
[  7] 0.0000-60.0088 sec  37 datagrams received out-of-order
